<?xml version="1.0" encoding="UTF-8"?>
<testng-results ignored="0" total="1" passed="0" failed="1" skipped="0">
  <reporter-output>
    <line>
      <![CDATA[Suite start]]>
    </line>
    <line>
      <![CDATA[Testcase started]]>
    </line>
    <line>
      <![CDATA[Selected multi-city trip]]>
    </line>
    <line>
      <![CDATA[To place is selected for multi-city(first city)]]>
    </line>
    <line>
      <![CDATA[Selected departure date for first city]]>
    </line>
    <line>
      <![CDATA[Economy class is selected]]>
    </line>
    <line>
      <![CDATA[To place is selected for multi-city(second city)]]>
    </line>
    <line>
      <![CDATA[Selected departure date for second city]]>
    </line>
    <line>
      <![CDATA[Flight is searched]]>
    </line>
    <line>
      <![CDATA[clicked on book flight]]>
    </line>
    <line>
      <![CDATA[Entered pincode]]>
    </line>
    <line>
      <![CDATA[Selected state]]>
    </line>
    <line>
      <![CDATA[Entered first and last name]]>
    </line>
    <line>
      <![CDATA[Entered email id]]>
    </line>
    <line>
      <![CDATA[Entered phone number]]>
    </line>
    <line>
      <![CDATA[clicked on proceed button]]>
    </line>
    <line>
      <![CDATA[clicked on proceed to payment]]>
    </line>
    <line>
      <![CDATA[Testcase failed]]>
    </line>
  </reporter-output>
  <suite started-at="2024-04-11T18:52:43 IST" name="Suite" finished-at="2024-04-11T18:53:21 IST" duration-ms="38071">
    <groups>
    </groups>
    <test started-at="2024-04-11T18:52:43 IST" name="Test" finished-at="2024-04-11T18:53:21 IST" duration-ms="38071">
      <class name="Airline.Project_Two.Airline_Testcase_15">
        <test-method is-config="true" signature="pre_conditions(java.lang.String)[pri:0, instance:Airline.Project_Two.Airline_Testcase_15@3012646b]" started-at="2024-04-11T18:52:43 IST" name="pre_conditions" finished-at="2024-04-11T18:52:53 IST" duration-ms="9323" status="PASS">
          <params>
            <param index="0">
              <value>
                <![CDATA[chrome]]>
              </value>
            </param>
          </params>
          <reporter-output>
          </reporter-output>
        </test-method> <!-- pre_conditions -->
        <test-method signature="reach_payment_page()[pri:0, instance:Airline.Project_Two.Airline_Testcase_15@3012646b]" started-at="2024-04-11T18:52:53 IST" name="reach_payment_page" finished-at="2024-04-11T18:53:21 IST" duration-ms="28428" status="FAIL">
          <exception class="org.openqa.selenium.NoSuchElementException">
            <message>
              <![CDATA[no such element: Unable to locate element: {"method":"xpath","selector":"//span[.='Credit/Debit/ATM Card']"}
  (Session info: chrome=109.0.5414.168)
For documentation on this error, please visit: https://www.selenium.dev/documentation/webdriver/troubleshooting/errors#no-such-element-exception
Build info: version: '4.18.1', revision: 'b1d3319b48'
System info: os.name: 'Windows 8.1', os.arch: 'amd64', os.version: '6.3', java.version: '17.0.9'
Driver info: org.openqa.selenium.chrome.ChromeDriver
Command: [20348c4c6f2dd9805168aa8e6f7fb1ca, findElement {using=xpath, value=//span[.='Credit/Debit/ATM Card']}]
Capabilities {acceptInsecureCerts: false, browserName: chrome, browserVersion: 109.0.5414.168, chrome: {chromedriverVersion: 109.0.5414.74 (e7c5703604da..., userDataDir: C:\Users\KING\AppData\Local...}, goog:chromeOptions: {debuggerAddress: localhost:58101}, networkConnectionEnabled: false, pageLoadStrategy: normal, platformName: windows, proxy: Proxy(), se:cdp: ws://localhost:58101/devtoo..., se:cdpVersion: 109.0.5414.168, setWindowRect: true, strictFileInteractability: false, timeouts: {implicit: 0, pageLoad: 300000, script: 30000}, unhandledPromptBehavior: dismiss and notify, webauthn:extension:credBlob: true, webauthn:extension:largeBlob: true, webauthn:virtualAuthenticators: true}
Session ID: 20348c4c6f2dd9805168aa8e6f7fb1ca]]>
            </message>
            <full-stacktrace>
              <![CDATA[org.openqa.selenium.NoSuchElementException: no such element: Unable to locate element: {"method":"xpath","selector":"//span[.='Credit/Debit/ATM Card']"}
  (Session info: chrome=109.0.5414.168)
For documentation on this error, please visit: https://www.selenium.dev/documentation/webdriver/troubleshooting/errors#no-such-element-exception
Build info: version: '4.18.1', revision: 'b1d3319b48'
System info: os.name: 'Windows 8.1', os.arch: 'amd64', os.version: '6.3', java.version: '17.0.9'
Driver info: org.openqa.selenium.chrome.ChromeDriver
Command: [20348c4c6f2dd9805168aa8e6f7fb1ca, findElement {using=xpath, value=//span[.='Credit/Debit/ATM Card']}]
Capabilities {acceptInsecureCerts: false, browserName: chrome, browserVersion: 109.0.5414.168, chrome: {chromedriverVersion: 109.0.5414.74 (e7c5703604da..., userDataDir: C:\Users\KING\AppData\Local...}, goog:chromeOptions: {debuggerAddress: localhost:58101}, networkConnectionEnabled: false, pageLoadStrategy: normal, platformName: windows, proxy: Proxy(), se:cdp: ws://localhost:58101/devtoo..., se:cdpVersion: 109.0.5414.168, setWindowRect: true, strictFileInteractability: false, timeouts: {implicit: 0, pageLoad: 300000, script: 30000}, unhandledPromptBehavior: dismiss and notify, webauthn:extension:credBlob: true, webauthn:extension:largeBlob: true, webauthn:virtualAuthenticators: true}
Session ID: 20348c4c6f2dd9805168aa8e6f7fb1ca
at java.base/jdk.internal.reflect.NativeConstructorAccessorImpl.newInstance0(Native Method)
at java.base/jdk.internal.reflect.NativeConstructorAccessorImpl.newInstance(NativeConstructorAccessorImpl.java:77)
at java.base/jdk.internal.reflect.DelegatingConstructorAccessorImpl.newInstance(DelegatingConstructorAccessorImpl.java:45)
at java.base/java.lang.reflect.Constructor.newInstanceWithCaller(Constructor.java:499)
at java.base/java.lang.reflect.Constructor.newInstance(Constructor.java:480)
at org.openqa.selenium.remote.ErrorCodec.decode(ErrorCodec.java:167)
at org.openqa.selenium.remote.codec.w3c.W3CHttpResponseCodec.decode(W3CHttpResponseCodec.java:138)
at org.openqa.selenium.remote.codec.w3c.W3CHttpResponseCodec.decode(W3CHttpResponseCodec.java:50)
at org.openqa.selenium.remote.HttpCommandExecutor.execute(HttpCommandExecutor.java:190)
at org.openqa.selenium.remote.service.DriverCommandExecutor.invokeExecute(DriverCommandExecutor.java:216)
at org.openqa.selenium.remote.service.DriverCommandExecutor.execute(DriverCommandExecutor.java:174)
at org.openqa.selenium.remote.RemoteWebDriver.execute(RemoteWebDriver.java:519)
at org.openqa.selenium.remote.ElementLocation$ElementFinder$2.findElement(ElementLocation.java:165)
at org.openqa.selenium.remote.ElementLocation.findElement(ElementLocation.java:59)
at org.openqa.selenium.remote.RemoteWebDriver.findElement(RemoteWebDriver.java:356)
at org.openqa.selenium.remote.RemoteWebDriver.findElement(RemoteWebDriver.java:350)
at org.openqa.selenium.support.pagefactory.DefaultElementLocator.findElement(DefaultElementLocator.java:68)
at org.openqa.selenium.support.pagefactory.internal.LocatingElementHandler.invoke(LocatingElementHandler.java:38)
at jdk.proxy2/jdk.proxy2.$Proxy14.click(Unknown Source)
at Airline.Project_Two.Airline_Payment_page.select_credit_card(Airline_Payment_page.java:23)
at Airline.Project_Two.Airline_Testcase_15.reach_payment_page(Airline_Testcase_15.java:83)
at java.base/jdk.internal.reflect.NativeMethodAccessorImpl.invoke0(Native Method)
at java.base/jdk.internal.reflect.NativeMethodAccessorImpl.invoke(NativeMethodAccessorImpl.java:77)
at java.base/jdk.internal.reflect.DelegatingMethodAccessorImpl.invoke(DelegatingMethodAccessorImpl.java:43)
at java.base/java.lang.reflect.Method.invoke(Method.java:568)
at org.testng.internal.invokers.MethodInvocationHelper.invokeMethod(MethodInvocationHelper.java:139)
at org.testng.internal.invokers.TestInvoker.invokeMethod(TestInvoker.java:664)
at org.testng.internal.invokers.TestInvoker.invokeTestMethod(TestInvoker.java:227)
at org.testng.internal.invokers.MethodRunner.runInSequence(MethodRunner.java:50)
at org.testng.internal.invokers.TestInvoker$MethodInvocationAgent.invoke(TestInvoker.java:957)
at org.testng.internal.invokers.TestInvoker.invokeTestMethods(TestInvoker.java:200)
at org.testng.internal.invokers.TestMethodWorker.invokeTestMethods(TestMethodWorker.java:148)
at org.testng.internal.invokers.TestMethodWorker.run(TestMethodWorker.java:128)
at java.base/java.util.ArrayList.forEach(ArrayList.java:1511)
at org.testng.TestRunner.privateRun(TestRunner.java:848)
at org.testng.TestRunner.run(TestRunner.java:621)
at org.testng.SuiteRunner.runTest(SuiteRunner.java:443)
at org.testng.SuiteRunner.runSequentially(SuiteRunner.java:437)
at org.testng.SuiteRunner.privateRun(SuiteRunner.java:397)
at org.testng.SuiteRunner.run(SuiteRunner.java:336)
at org.testng.SuiteRunnerWorker.runSuite(SuiteRunnerWorker.java:52)
at org.testng.SuiteRunnerWorker.run(SuiteRunnerWorker.java:95)
at org.testng.TestNG.runSuitesSequentially(TestNG.java:1280)
at org.testng.TestNG.runSuitesLocally(TestNG.java:1200)
at org.testng.TestNG.runSuites(TestNG.java:1114)
at org.testng.TestNG.run(TestNG.java:1082)
at org.testng.remote.AbstractRemoteTestNG.run(AbstractRemoteTestNG.java:115)
at org.testng.remote.RemoteTestNG.initAndRun(RemoteTestNG.java:251)
at org.testng.remote.RemoteTestNG.main(RemoteTestNG.java:77)
]]>
            </full-stacktrace>
          </exception> <!-- org.openqa.selenium.NoSuchElementException -->
          <reporter-output>
            <line>
              <![CDATA[Testcase started]]>
            </line>
            <line>
              <![CDATA[Selected multi-city trip]]>
            </line>
            <line>
              <![CDATA[To place is selected for multi-city(first city)]]>
            </line>
            <line>
              <![CDATA[Selected departure date for first city]]>
            </line>
            <line>
              <![CDATA[Economy class is selected]]>
            </line>
            <line>
              <![CDATA[To place is selected for multi-city(second city)]]>
            </line>
            <line>
              <![CDATA[Selected departure date for second city]]>
            </line>
            <line>
              <![CDATA[Flight is searched]]>
            </line>
            <line>
              <![CDATA[clicked on book flight]]>
            </line>
            <line>
              <![CDATA[Entered pincode]]>
            </line>
            <line>
              <![CDATA[Selected state]]>
            </line>
            <line>
              <![CDATA[Entered first and last name]]>
            </line>
            <line>
              <![CDATA[Entered email id]]>
            </line>
            <line>
              <![CDATA[Entered phone number]]>
            </line>
            <line>
              <![CDATA[clicked on proceed button]]>
            </line>
            <line>
              <![CDATA[clicked on proceed to payment]]>
            </line>
            <line>
              <![CDATA[Testcase failed]]>
            </line>
          </reporter-output>
        </test-method> <!-- reach_payment_page -->
        <test-method is-config="true" signature="closure_activity()[pri:0, instance:Airline.Project_Two.Airline_Testcase_15@3012646b]" started-at="2024-04-11T18:53:21 IST" name="closure_activity" finished-at="2024-04-11T18:53:21 IST" duration-ms="2" status="PASS">
          <reporter-output>
          </reporter-output>
        </test-method> <!-- closure_activity -->
      </class> <!-- Airline.Project_Two.Airline_Testcase_15 -->
    </test> <!-- Test -->
  </suite> <!-- Suite -->
</testng-results>
